[13:30:52] [User Authenticator #54/INFO]: UUID of player Rigustah is 453ff06a-9e3a-4a09-938a-ffe1679700cd
[13:30:52] [Server thread/INFO]: Rigustah[/87.95.114.32:21996] logged in with entity id 801710 at (-155.69344447356633, 66.0, 82.6399280372511)
[13:30:52] [Server thread/INFO]: Rigustah joined the game
[13:46:32] [Server thread/WARN]: Can't keep up! Is the server overloaded? Running 4197ms or 83 ticks behind
[13:48:15] [Server thread/INFO]: Rigustah lost connection: Disconnected
[13:48:15] [Server thread/INFO]: Rigustah left the game
[13:49:43] [User Authenticator #55/INFO]: UUID of player Rigustah is 453ff06a-9e3a-4a09-938a-ffe1679700cd
[13:49:43] [Server thread/INFO]: Rigustah[/87.95.114.32:21663] logged in with entity id 811610 at (-146.9409463738375, 66.0, -136.95460547618612)
[13:49:43] [Server thread/INFO]: Rigustah joined the game
[13:56:03] [Server thread/INFO]: Rigustah lost connection: Disconnected
[13:56:03] [Server thread/INFO]: Rigustah left the game
[13:59:22] [User Authenticator #56/INFO]: UUID of player Rigustah is 453ff06a-9e3a-4a09-938a-ffe1679700cd
[13:59:22] [Server thread/INFO]: Rigustah[/87.95.114.32:21741] logged in with entity id 813593 at (-390.5807940214954, 93.0, 15.992677030261143)
[13:59:22] [Server thread/INFO]: Rigustah joined the game
[13:59:36] [Server thread/INFO]: Rigustah lost connection: Disconnected
[13:59:36] [Server thread/INFO]: Rigustah left the game
[14:06:39] [User Authenticator #57/INFO]: UUID of player Rigustah is 453ff06a-9e3a-4a09-938a-ffe1679700cd
[14:06:39] [Server thread/INFO]: Rigustah[/87.95.114.32:21797] logged in with entity id 813784 at (-388.1856736464183, 93.0, 13.24609413763254)
[14:06:39] [Server thread/INFO]: Rigustah joined the game
[14:07:09] [Server thread/INFO]: Rigustah lost connection: Disconnected
[14:07:09] [Server thread/INFO]: Rigustah left the game
[14:07:39] [User Authenticator #58/INFO]: UUID of player Rigustah is 453ff06a-9e3a-4a09-938a-ffe1679700cd
[14:07:39] [Server thread/INFO]: Rigustah[/87.95.114.32:21824] logged in with entity id 814175 at (-121.10769701063761, 75.0, -72.10702374706325)
[14:07:39] [Server thread/INFO]: Rigustah joined the game
[14:48:49] [Server thread/INFO]: Rigustah lost connection: Disconnected
[14:48:49] [Server thread/INFO]: Rigustah left the game
[16:22:21] [User Authenticator #59/INFO]: UUID of player Rigustah is 453ff06a-9e3a-4a09-938a-ffe1679700cd
[16:22:21] [Server thread/INFO]: Rigustah[/87.95.114.32:21595] logged in with entity id 831687 at (-309.26352931432535, 68.0, 175.1993632850612)
[16:22:21] [Server thread/INFO]: Rigustah joined the game
[16:28:54] [Server thread/INFO]: Rigustah lost connection: Disconnected
[16:28:54] [Server thread/INFO]: Rigustah left the game
[18:42:41] [User Authenticator #60/INFO]: UUID of player Rigustah is 453ff06a-9e3a-4a09-938a-ffe1679700cd
[18:42:42] [Server thread/INFO]: Rigustah[/87.95.114.32:21821] logged in with entity id 833819 at (-312.4620444236486, 68.0, 182.2947450961007)
[18:42:42] [Server thread/INFO]: Rigustah joined the game
[18:44:17] [Server thread/INFO]: Rigustah lost connection: Disconnected
[18:44:17] [Server thread/INFO]: Rigustah left the game
[19:23:05] [User Authenticator #61/INFO]: UUID of player Rigustah is 453ff06a-9e3a-4a09-938a-ffe1679700cd
[19:23:05] [Server thread/INFO]: Rigustah[/87.95.114.32:21557] logged in with entity id 836046 at (-143.43104951301186, 73.0, -83.22145972518219)
[19:23:05] [Server thread/INFO]: Rigustah joined the game
[20:04:42] [Server thread/INFO]: Rigustah lost connection: Disconnected
[20:04:42] [Server thread/INFO]: Rigustah left the game
